2024-05-01 15:36:57.356 +02:00 [INF] User profile is available. Using 'C:\Users\Dangyron\AppData\Local\ASP.NET\DataProtection-Keys' as key repository and Windows DPAPI to encrypt keys at rest.
2024-05-01 15:36:57.519 +02:00 [INF] Now listening on: https://localhost:7155
2024-05-01 15:36:57.520 +02:00 [INF] Now listening on: http://localhost:5069
2024-05-01 15:36:57.521 +02:00 [INF] Application started. Press Ctrl+C to shut down.
2024-05-01 15:36:57.521 +02:00 [INF] Hosting environment: Development
2024-05-01 15:36:57.521 +02:00 [INF] Content root path: E:\uni\3k\2s\spi\unityProjs\ChessServer\ChessServer.WebApi
2024-05-01 15:37:16.241 +02:00 [INF] Application is shutting down...
2024-05-01 15:37:19.057 +02:00 [INF] User profile is available. Using 'C:\Users\Dangyron\AppData\Local\ASP.NET\DataProtection-Keys' as key repository and Windows DPAPI to encrypt keys at rest.
2024-05-01 15:37:19.185 +02:00 [INF] Now listening on: https://localhost:7155
2024-05-01 15:37:19.189 +02:00 [INF] Now listening on: http://localhost:5069
2024-05-01 15:37:19.190 +02:00 [INF] Application started. Press Ctrl+C to shut down.
2024-05-01 15:37:19.190 +02:00 [INF] Hosting environment: Development
2024-05-01 15:37:19.191 +02:00 [INF] Content root path: E:\uni\3k\2s\spi\unityProjs\ChessServer\ChessServer.WebApi
2024-05-01 15:38:46.802 +02:00 [INF] Application is shutting down...
2024-05-01 15:39:30.461 +02:00 [INF] User profile is available. Using 'C:\Users\Dangyron\AppData\Local\ASP.NET\DataProtection-Keys' as key repository and Windows DPAPI to encrypt keys at rest.
2024-05-01 15:39:30.577 +02:00 [INF] Now listening on: https://localhost:7155
2024-05-01 15:39:30.577 +02:00 [INF] Now listening on: http://localhost:5069
2024-05-01 15:39:30.578 +02:00 [INF] Application started. Press Ctrl+C to shut down.
2024-05-01 15:39:30.578 +02:00 [INF] Hosting environment: Development
2024-05-01 15:39:30.578 +02:00 [INF] Content root path: E:\uni\3k\2s\spi\unityProjs\ChessServer\ChessServer.WebApi
2024-05-01 15:39:57.044 +02:00 [INF] Request starting HTTP/1.1 POST https://localhost:7155/auth/login?username=1&password=1 - 0
2024-05-01 15:39:57.223 +02:00 [INF] Executing endpoint 'ChessServer.WebApi.Controllers.AuthenticationController.Login (ChessServer.WebApi)'
2024-05-01 15:39:57.238 +02:00 [INF] Route matched with {action = "Login", controller = "Authentication"}. Executing controller action with signature System.Threading.Tasks.Task`1[Microsoft.AspNetCore.Mvc.IActionResult] Login(ChessServer.Domain.Authentication.LoginRequest) on controller ChessServer.WebApi.Controllers.AuthenticationController (ChessServer.WebApi).
2024-05-01 15:39:58.720 +02:00 [INF] Executed DbCommand (26ms) [Parameters=[@__username_0='?'], CommandType='"Text"', CommandTimeout='30']
SELECT u."Id", u."Age", u."Country", u."EloRating", u."Email", u."EmailConfirmed", u."Gender", u."Password", u."Username", u."SubscriptionId", u."Subscription_SubscriptionType"
FROM "Users" AS u
WHERE u."Email" = @__username_0
LIMIT 1
2024-05-01 15:39:58.967 +02:00 [INF] Executing OkObjectResult, writing value of type 'ChessServer.Domain.Authentication.AuthenticationResponse'.
2024-05-01 15:39:59.034 +02:00 [INF] Executed action ChessServer.WebApi.Controllers.AuthenticationController.Login (ChessServer.WebApi) in 1793.0269ms
2024-05-01 15:39:59.035 +02:00 [INF] Executed endpoint 'ChessServer.WebApi.Controllers.AuthenticationController.Login (ChessServer.WebApi)'
2024-05-01 15:39:59.037 +02:00 [INF] HTTP POST /auth/login responded 200 in 1968.1658 ms
2024-05-01 15:39:59.045 +02:00 [INF] Request finished HTTP/1.1 POST https://localhost:7155/auth/login?username=1&password=1 - 0 - 200 348 application/json;+charset=utf-8 2002.9259ms
2024-05-01 15:40:40.722 +02:00 [INF] Application is shutting down...
